<?xml version="1.0" encoding="UTF-8"?>
<testsuite name="com.example.productcatalog.ProductCatalogApplicationTests" tests="1" skipped="0" failures="0" errors="0" timestamp="2021-07-31T16:10:47" hostname="control-plane.minikube.internal" time="0.514">
  <properties/>
  <testcase name="contextLoads()" classname="com.example.productcatalog.ProductCatalogApplicationTests" time="0.514"/>
  <system-out><![CDATA[13:10:41.003 [Test worker] DEBUG org.springframework.test.context.BootstrapUtils - Instantiating CacheAwareContextLoaderDelegate from class [org.springframework.test.context.cache.DefaultCacheAwareContextLoaderDelegate]
13:10:41.015 [Test worker] DEBUG org.springframework.test.context.BootstrapUtils - Instantiating BootstrapContext using constructor [public org.springframework.test.context.support.DefaultBootstrapContext(java.lang.Class,org.springframework.test.context.CacheAwareContextLoaderDelegate)]
13:10:41.046 [Test worker] DEBUG org.springframework.test.context.BootstrapUtils - Instantiating TestContextBootstrapper for test class [com.example.productcatalog.ProductCatalogApplicationTests] from class [org.springframework.boot.test.context.SpringBootTestContextBootstrapper]
13:10:41.055 [Test worker] INFO org.springframework.boot.test.context.SpringBootTestContextBootstrapper - Neither @ContextConfiguration nor @ContextHierarchy found for test class [com.example.productcatalog.ProductCatalogApplicationTests], using SpringBootContextLoader
13:10:41.058 [Test worker] DEBUG org.springframework.test.context.support.AbstractContextLoader - Did not detect default resource location for test class [com.example.productcatalog.ProductCatalogApplicationTests]: class path resource [com/example/productcatalog/ProductCatalogApplicationTests-context.xml] does not exist
13:10:41.059 [Test worker] DEBUG org.springframework.test.context.support.AbstractContextLoader - Did not detect default resource location for test class [com.example.productcatalog.ProductCatalogApplicationTests]: class path resource [com/example/productcatalog/ProductCatalogApplicationTestsContext.groovy] does not exist
13:10:41.059 [Test worker] INFO org.springframework.test.context.support.AbstractContextLoader - Could not detect default resource locations for test class [com.example.productcatalog.ProductCatalogApplicationTests]: no resource found for suffixes {-context.xml, Context.groovy}.
13:10:41.060 [Test worker] INFO org.springframework.test.context.support.AnnotationConfigContextLoaderUtils - Could not detect default configuration classes for test class [com.example.productcatalog.ProductCatalogApplicationTests]: ProductCatalogApplicationTests does not declare any static, non-private, non-final, nested classes annotated with @Configuration.
13:10:41.101 [Test worker] DEBUG org.springframework.test.context.support.ActiveProfilesUtils - Could not find an 'annotation declaring class' for annotation type [org.springframework.test.context.ActiveProfiles] and class [com.example.productcatalog.ProductCatalogApplicationTests]
13:10:41.149 [Test worker] DEBUG org.springframework.context.annotation.ClassPathScanningCandidateComponentProvider - Identified candidate component class: file [/home/obiwan/DIO/dio-spring-cloud/build/classes/java/main/com/example/productcatalog/ProductCatalogApplication.class]
13:10:41.150 [Test worker] INFO org.springframework.boot.test.context.SpringBootTestContextBootstrapper - Found @SpringBootConfiguration com.example.productcatalog.ProductCatalogApplication for test class com.example.productcatalog.ProductCatalogApplicationTests
13:10:41.272 [Test worker] DEBUG org.springframework.boot.test.context.SpringBootTestContextBootstrapper - @TestExecutionListeners is not present for class [com.example.productcatalog.ProductCatalogApplicationTests]: using defaults.
13:10:41.273 [Test worker] INFO org.springframework.boot.test.context.SpringBootTestContextBootstrapper - Loaded default TestExecutionListener class names from location [META-INF/spring.factories]: [org.springframework.boot.test.autoconfigure.restdocs.RestDocsTestExecutionListener, org.springframework.boot.test.autoconfigure.web.client.MockRestServiceServerResetTestExecutionListener, org.springframework.boot.test.autoconfigure.web.servlet.MockMvcPrintOnlyOnFailureTestExecutionListener, org.springframework.boot.test.autoconfigure.web.servlet.WebDriverTestExecutionListener, org.springframework.boot.test.autoconfigure.webservices.client.MockWebServiceServerTestExecutionListener, org.springframework.boot.test.mock.mockito.MockitoTestExecutionListener, org.springframework.boot.test.mock.mockito.ResetMocksTestExecutionListener, org.springframework.test.context.web.ServletTestExecutionListener, org.springframework.test.context.support.DirtiesContextBeforeModesTestExecutionListener, org.springframework.test.context.event.ApplicationEventsTestExecutionListener, org.springframework.test.context.support.DependencyInjectionTestExecutionListener, org.springframework.test.context.support.DirtiesContextTestExecutionListener, org.springframework.test.context.transaction.TransactionalTestExecutionListener, org.springframework.test.context.jdbc.SqlScriptsTestExecutionListener, org.springframework.test.context.event.EventPublishingTestExecutionListener]
13:10:41.288 [Test worker] INFO org.springframework.boot.test.context.SpringBootTestContextBootstrapper - Using TestExecutionListeners: [org.springframework.test.context.web.ServletTestExecutionListener@6cac4448, org.springframework.test.context.support.DirtiesContextBeforeModesTestExecutionListener@5a3ebef5, org.springframework.test.context.event.ApplicationEventsTestExecutionListener@1891328f, org.springframework.boot.test.mock.mockito.MockitoTestExecutionListener@c65b4b4d, org.springframework.boot.test.autoconfigure.SpringBootDependencyInjectionTestExecutionListener@a3a08951, org.springframework.test.context.support.DirtiesContextTestExecutionListener@9ae1cf39, org.springframework.test.context.transaction.TransactionalTestExecutionListener@2e5283cb, org.springframework.test.context.jdbc.SqlScriptsTestExecutionListener@ba27e048, org.springframework.test.context.event.EventPublishingTestExecutionListener@4093f3ff, org.springframework.boot.test.autoconfigure.restdocs.RestDocsTestExecutionListener@b61ed522, org.springframework.boot.test.autoconfigure.web.client.MockRestServiceServerResetTestExecutionListener@52e66517, org.springframework.boot.test.autoconfigure.web.servlet.MockMvcPrintOnlyOnFailureTestExecutionListener@577b24d8, org.springframework.boot.test.autoconfigure.web.servlet.WebDriverTestExecutionListener@ab71442, org.springframework.boot.test.autoconfigure.webservices.client.MockWebServiceServerTestExecutionListener@7c86f4c3, org.springframework.boot.test.mock.mockito.ResetMocksTestExecutionListener@fef33a46]
13:10:41.291 [Test worker] DEBUG org.springframework.test.context.support.AbstractDirtiesContextTestExecutionListener - Before test class: context [DefaultTestContext@80083038 testClass = ProductCatalogApplicationTests, testInstance = [null], testMethod = [null], testException = [null], mergedContextConfiguration = [WebMergedContextConfiguration@758abfc3 testClass = ProductCatalogApplicationTests, locations = '{}', classes = '{class com.example.productcatalog.ProductCatalogApplication}', contextInitializerClasses = '[]', activeProfiles = '{}', propertySourceLocations = '{}', propertySourceProperties = '{org.springframework.boot.test.context.SpringBootTestContextBootstrapper=true}', contextCustomizers = set[org.springframework.boot.test.autoconfigure.actuate.metrics.MetricsExportContextCustomizerFactory$DisableMetricExportContextCustomizer@6b514436, org.springframework.boot.test.autoconfigure.properties.PropertyMappingContextCustomizer@0, org.springframework.boot.test.autoconfigure.web.servlet.WebDriverContextCustomizerFactory$Customizer@2cc089d4, org.springframework.boot.test.context.filter.ExcludeFilterContextCustomizer@6de991a0, org.springframework.boot.test.json.DuplicateJsonObjectContextCustomizerFactory$DuplicateJsonObjectContextCustomizer@dfde0d45, org.springframework.boot.test.mock.mockito.MockitoContextCustomizer@0, org.springframework.boot.test.web.client.TestRestTemplateContextCustomizer@26075012, org.springframework.boot.test.context.SpringBootTestArgs@1, org.springframework.boot.test.context.SpringBootTestWebEnvironment@117a359e], resourceBasePath = 'src/main/webapp', contextLoader = 'org.springframework.boot.test.context.SpringBootContextLoader', parent = [null]], attributes = map['org.springframework.test.context.web.ServletTestExecutionListener.activateListener' -> true]], class annotated with @DirtiesContext [false] with mode [null].
13:10:41.324 [Test worker] DEBUG org.springframework.test.context.support.TestPropertySourceUtils - Adding inlined properties to environment: {spring.jmx.enabled=false, org.springframework.boot.test.context.SpringBootTestContextBootstrapper=true}

  .   ____          _            __ _ _
 /\\ / ___'_ __ _ _(_)_ __  __ _ \ \ \ \
( ( )\___ | '_ | '_| | '_ \/ _` | \ \ \ \
 \\/  ___)| |_)| | | | | || (_| |  ) ) ) )
  '  |____| .__|_| |_|_| |_\__, | / / / /
 =========|_|==============|___/=/_/_/_/
 :: Spring Boot ::                (v2.5.3)

2021-07-31 13:10:41.723  INFO 30798 --- [    Test worker] c.e.p.ProductCatalogApplicationTests     : Starting ProductCatalogApplicationTests using Java 11.0.11 on control-plane.minikube.internal with PID 30798 (started by obiwan in /home/obiwan/DIO/dio-spring-cloud)
2021-07-31 13:10:41.731  INFO 30798 --- [    Test worker] c.e.p.ProductCatalogApplicationTests     : No active profile set, falling back to default profiles: default
2021-07-31 13:10:43.706  INFO 30798 --- [    Test worker] .s.d.r.c.RepositoryConfigurationDelegate : Bootstrapping Spring Data Elasticsearch repositories in DEFAULT mode.
2021-07-31 13:10:43.722  INFO 30798 --- [    Test worker] .s.d.r.c.RepositoryConfigurationDelegate : Finished Spring Data repository scanning in 8 ms. Found 0 Elasticsearch repository interfaces.
2021-07-31 13:10:43.731  INFO 30798 --- [    Test worker] .s.d.r.c.RepositoryConfigurationDelegate : Bootstrapping Spring Data Reactive Elasticsearch repositories in DEFAULT mode.
2021-07-31 13:10:43.734  INFO 30798 --- [    Test worker] .s.d.r.c.RepositoryConfigurationDelegate : Finished Spring Data repository scanning in 1 ms. Found 0 Reactive Elasticsearch repository interfaces.
2021-07-31 13:10:46.693  INFO 30798 --- [    Test worker] o.s.d.elasticsearch.support.VersionInfo  : Version Spring Data Elasticsearch: 4.2.3
2021-07-31 13:10:46.695  INFO 30798 --- [    Test worker] o.s.d.elasticsearch.support.VersionInfo  : Version Elasticsearch Client in build: 7.12.1
2021-07-31 13:10:46.695  INFO 30798 --- [    Test worker] o.s.d.elasticsearch.support.VersionInfo  : Version Elasticsearch Client used: 7.12.1
2021-07-31 13:10:46.814  INFO 30798 --- [    Test worker] o.s.b.a.e.web.EndpointLinksResolver      : Exposing 1 endpoint(s) beneath base path '/actuator'
2021-07-31 13:10:46.921  INFO 30798 --- [    Test worker] c.e.p.ProductCatalogApplicationTests     : Started ProductCatalogApplicationTests in 5.591 seconds (JVM running for 6.634)
]]></system-out>
  <system-err><![CDATA[]]></system-err>
</testsuite>
